[2021-01-25 10:45:04.219] [exthost] [info] extension host started
[2021-01-25 10:45:04.334] [exthost] [info] ExtensionService#_doActivateExtension vscode.debug-auto-launch {"startup":true,"extensionId":{"value":"vscode.debug-auto-launch","_lower":"vscode.debug-auto-launch"},"activationEvent":"*"}
[2021-01-25 10:45:04.346] [exthost] [info] ExtensionService#loadCommonJSModule file:///usr/share/code/resources/app/extensions/debug-auto-launch/dist/extension
[2021-01-25 10:45:04.365] [exthost] [info] ExtensionService#_doActivateExtension vscode.emmet {"startup":true,"extensionId":{"value":"vscode.emmet","_lower":"vscode.emmet"},"activationEvent":"*"}
[2021-01-25 10:45:04.365] [exthost] [info] ExtensionService#loadCommonJSModule file:///usr/share/code/resources/app/extensions/emmet/dist/extension
[2021-01-25 10:45:04.412] [exthost] [info] ExtensionService#_doActivateExtension vscode.git {"startup":true,"extensionId":{"value":"GitHub.vscode-pull-request-github","_lower":"github.vscode-pull-request-github"},"activationEvent":"*"}
[2021-01-25 10:45:04.412] [exthost] [info] ExtensionService#loadCommonJSModule file:///usr/share/code/resources/app/extensions/git/dist/main
[2021-01-25 10:45:04.550] [exthost] [info] ExtensionService#_doActivateExtension vscode.merge-conflict {"startup":true,"extensionId":{"value":"vscode.merge-conflict","_lower":"vscode.merge-conflict"},"activationEvent":"*"}
[2021-01-25 10:45:04.561] [exthost] [info] ExtensionService#loadCommonJSModule file:///usr/share/code/resources/app/extensions/merge-conflict/dist/extension
[2021-01-25 10:45:04.566] [exthost] [info] ExtensionService#_doActivateExtension donjayamanne.githistory {"startup":true,"extensionId":{"value":"donjayamanne.githistory","_lower":"donjayamanne.githistory"},"activationEvent":"*"}
[2021-01-25 10:45:04.566] [exthost] [info] ExtensionService#loadCommonJSModule file:///home/multicanalservices/.vscode/extensions/donjayamanne.githistory-0.6.14/dist/src/extension
[2021-01-25 10:45:04.719] [exthost] [info] ExtensionService#_doActivateExtension eamodio.gitlens {"startup":true,"extensionId":{"value":"eamodio.gitlens","_lower":"eamodio.gitlens"},"activationEvent":"*"}
[2021-01-25 10:45:04.719] [exthost] [info] ExtensionService#loadCommonJSModule file:///home/multicanalservices/.vscode/extensions/eamodio.gitlens-10.2.3/dist/extension
[2021-01-25 10:45:04.872] [exthost] [info] ExtensionService#_doActivateExtension huizhou.githd {"startup":true,"extensionId":{"value":"huizhou.githd","_lower":"huizhou.githd"},"activationEvent":"*"}
[2021-01-25 10:45:04.873] [exthost] [info] ExtensionService#loadCommonJSModule file:///home/multicanalservices/.vscode/extensions/huizhou.githd-2.1.0/out/src/extension
[2021-01-25 10:45:04.889] [exthost] [info] ExtensionService#_doActivateExtension mhutchie.git-graph {"startup":true,"extensionId":{"value":"mhutchie.git-graph","_lower":"mhutchie.git-graph"},"activationEvent":"*"}
[2021-01-25 10:45:04.889] [exthost] [info] ExtensionService#loadCommonJSModule file:///home/multicanalservices/.vscode/extensions/mhutchie.git-graph-1.28.0/out/extension.js
[2021-01-25 10:45:04.945] [exthost] [info] ExtensionService#_doActivateExtension vespa-dev-works.vscode-git-remote {"startup":true,"extensionId":{"value":"vespa-dev-works.vscode-git-remote","_lower":"vespa-dev-works.vscode-git-remote"},"activationEvent":"*"}
[2021-01-25 10:45:04.951] [exthost] [info] ExtensionService#loadCommonJSModule file:///home/multicanalservices/.vscode/extensions/vespa-dev-works.vscode-git-remote-0.0.12/out/src/extension
[2021-01-25 10:45:04.982] [exthost] [info] eager extensions activated
[2021-01-25 10:45:05.195] [exthost] [info] ExtensionService#_doActivateExtension GitHub.vscode-pull-request-github {"startup":true,"extensionId":{"value":"GitHub.vscode-pull-request-github","_lower":"github.vscode-pull-request-github"},"activationEvent":"*"}
[2021-01-25 10:45:05.196] [exthost] [info] ExtensionService#loadCommonJSModule file:///home/multicanalservices/.vscode/extensions/github.vscode-pull-request-github-0.14.0/media/extension
[2021-01-25 10:45:05.544] [exthost] [info] ExtensionService#_doActivateExtension vscode.html-language-features {"startup":false,"extensionId":{"value":"vscode.html-language-features","_lower":"vscode.html-language-features"},"activationEvent":"onLanguage:html"}
[2021-01-25 10:45:05.545] [exthost] [info] ExtensionService#loadCommonJSModule file:///usr/share/code/resources/app/extensions/html-language-features/client/dist/htmlMain
[2021-01-25 10:45:17.729] [exthost] [info] extension host started
[2021-01-25 10:45:17.808] [exthost] [info] ExtensionService#_doActivateExtension vscode.debug-auto-launch {"startup":true,"extensionId":{"value":"vscode.debug-auto-launch","_lower":"vscode.debug-auto-launch"},"activationEvent":"*"}
[2021-01-25 10:45:17.808] [exthost] [info] ExtensionService#loadCommonJSModule file:///usr/share/code/resources/app/extensions/debug-auto-launch/dist/extension
[2021-01-25 10:45:17.829] [exthost] [info] ExtensionService#_doActivateExtension vscode.emmet {"startup":true,"extensionId":{"value":"vscode.emmet","_lower":"vscode.emmet"},"activationEvent":"*"}
[2021-01-25 10:45:17.829] [exthost] [info] ExtensionService#loadCommonJSModule file:///usr/share/code/resources/app/extensions/emmet/dist/extension
[2021-01-25 10:45:17.883] [exthost] [info] ExtensionService#_doActivateExtension vscode.git {"startup":true,"extensionId":{"value":"GitHub.vscode-pull-request-github","_lower":"github.vscode-pull-request-github"},"activationEvent":"*"}
[2021-01-25 10:45:17.884] [exthost] [info] ExtensionService#loadCommonJSModule file:///usr/share/code/resources/app/extensions/git/dist/main
[2021-01-25 10:45:18.023] [exthost] [info] ExtensionService#_doActivateExtension vscode.merge-conflict {"startup":true,"extensionId":{"value":"vscode.merge-conflict","_lower":"vscode.merge-conflict"},"activationEvent":"*"}
[2021-01-25 10:45:18.023] [exthost] [info] ExtensionService#loadCommonJSModule file:///usr/share/code/resources/app/extensions/merge-conflict/dist/extension
[2021-01-25 10:45:18.025] [exthost] [info] ExtensionService#_doActivateExtension donjayamanne.githistory {"startup":true,"extensionId":{"value":"donjayamanne.githistory","_lower":"donjayamanne.githistory"},"activationEvent":"*"}
[2021-01-25 10:45:18.025] [exthost] [info] ExtensionService#loadCommonJSModule file:///home/multicanalservices/.vscode/extensions/donjayamanne.githistory-0.6.14/dist/src/extension
[2021-01-25 10:45:18.050] [exthost] [info] ExtensionService#_doActivateExtension eamodio.gitlens {"startup":true,"extensionId":{"value":"eamodio.gitlens","_lower":"eamodio.gitlens"},"activationEvent":"*"}
[2021-01-25 10:45:18.050] [exthost] [info] ExtensionService#loadCommonJSModule file:///home/multicanalservices/.vscode/extensions/eamodio.gitlens-10.2.3/dist/extension
[2021-01-25 10:45:18.150] [exthost] [info] ExtensionService#_doActivateExtension huizhou.githd {"startup":true,"extensionId":{"value":"huizhou.githd","_lower":"huizhou.githd"},"activationEvent":"*"}
[2021-01-25 10:45:18.150] [exthost] [info] ExtensionService#loadCommonJSModule file:///home/multicanalservices/.vscode/extensions/huizhou.githd-2.1.0/out/src/extension
[2021-01-25 10:45:18.187] [exthost] [info] ExtensionService#_doActivateExtension mhutchie.git-graph {"startup":true,"extensionId":{"value":"mhutchie.git-graph","_lower":"mhutchie.git-graph"},"activationEvent":"*"}
[2021-01-25 10:45:18.196] [exthost] [info] ExtensionService#loadCommonJSModule file:///home/multicanalservices/.vscode/extensions/mhutchie.git-graph-1.28.0/out/extension.js
[2021-01-25 10:45:18.312] [exthost] [info] ExtensionService#_doActivateExtension vespa-dev-works.vscode-git-remote {"startup":true,"extensionId":{"value":"vespa-dev-works.vscode-git-remote","_lower":"vespa-dev-works.vscode-git-remote"},"activationEvent":"*"}
[2021-01-25 10:45:18.313] [exthost] [info] ExtensionService#loadCommonJSModule file:///home/multicanalservices/.vscode/extensions/vespa-dev-works.vscode-git-remote-0.0.12/out/src/extension
[2021-01-25 10:45:18.697] [exthost] [info] ExtensionService#_doActivateExtension vscode.npm {"startup":true,"extensionId":{"value":"vscode.npm","_lower":"vscode.npm"},"activationEvent":"workspaceContains:package.json"}
[2021-01-25 10:45:18.697] [exthost] [info] ExtensionService#loadCommonJSModule file:///usr/share/code/resources/app/extensions/npm/dist/main
[2021-01-25 10:45:18.900] [exthost] [info] eager extensions activated
[2021-01-25 10:45:19.165] [exthost] [info] ExtensionService#_doActivateExtension GitHub.vscode-pull-request-github {"startup":true,"extensionId":{"value":"GitHub.vscode-pull-request-github","_lower":"github.vscode-pull-request-github"},"activationEvent":"*"}
[2021-01-25 10:45:19.165] [exthost] [info] ExtensionService#loadCommonJSModule file:///home/multicanalservices/.vscode/extensions/github.vscode-pull-request-github-0.14.0/media/extension
[2021-01-25 10:45:41.506] [exthost] [info] ExtensionService#_doActivateExtension vscode.php-language-features {"startup":false,"extensionId":{"value":"vscode.php-language-features","_lower":"vscode.php-language-features"},"activationEvent":"onLanguage:php"}
[2021-01-25 10:45:41.513] [exthost] [info] ExtensionService#loadCommonJSModule file:///usr/share/code/resources/app/extensions/php-language-features/dist/phpMain
